{"level":"info","message":"MongoDB Connected: 127.0.0.1","timestamp":"2024-12-12T14:51:04.116Z"}
{"level":"info","message":"Starting database seeding...","timestamp":"2024-12-12T14:51:04.119Z"}
{"level":"info","message":"Seeding permissions...","timestamp":"2024-12-12T14:51:04.120Z"}
{"level":"info","message":"19 permissions seeded","timestamp":"2024-12-12T14:51:04.189Z"}
{"level":"info","message":"Seeding roles...","timestamp":"2024-12-12T14:51:04.190Z"}
{"level":"info","message":"4 roles seeded","timestamp":"2024-12-12T14:51:04.202Z"}
{"level":"info","message":"Database seeding completed successfully","timestamp":"2024-12-12T14:51:04.208Z"}
{"level":"info","message":"Server running on port 5000","timestamp":"2024-12-12T14:51:04.211Z"}
{"level":"error","message":"CastError: Cast to ObjectId failed for value \"undefined\" (type string) at path \"_id\" for model \"Role\"\n    at SchemaObjectId.cast (D:\\Arpit\\FrontendRbac\\backend\\node_modules\\mongoose\\lib\\schema\\objectId.js:250:11)\n    at SchemaType.applySetters (D:\\Arpit\\FrontendRbac\\backend\\node_modules\\mongoose\\lib\\schemaType.js:1236:12)\n    at SchemaType.castForQuery (D:\\Arpit\\FrontendRbac\\backend\\node_modules\\mongoose\\lib\\schemaType.js:1653:17)\n    at cast (D:\\Arpit\\FrontendRbac\\backend\\node_modules\\mongoose\\lib\\cast.js:390:32)\n    at Query.cast (D:\\Arpit\\FrontendRbac\\backend\\node_modules\\mongoose\\lib\\query.js:4906:12)\n    at Query._castConditions (D:\\Arpit\\FrontendRbac\\backend\\node_modules\\mongoose\\lib\\query.js:2309:10)\n    at model.Query._findOne (D:\\Arpit\\FrontendRbac\\backend\\node_modules\\mongoose\\lib\\query.js:2632:8)\n    at model.Query.exec (D:\\Arpit\\FrontendRbac\\backend\\node_modules\\mongoose\\lib\\query.js:4458:80)\n    at process.processTicksAndRejections (node:internal/process/task_queues:105:5)\n    at async exports.cloneRole (D:\\Arpit\\FrontendRbac\\backend\\src\\controllers\\role.controller.js:142:24)","timestamp":"2024-12-12T14:53:43.806Z"}
{"level":"error","message":"ValidationError: Validation failed: description: Role description is required\n    at _done (D:\\Arpit\\FrontendRbac\\backend\\node_modules\\mongoose\\lib\\helpers\\updateValidators.js:228:19)\n    at D:\\Arpit\\FrontendRbac\\backend\\node_modules\\mongoose\\lib\\helpers\\updateValidators.js:204:11\n    at schemaPath.doValidate.updateValidator (D:\\Arpit\\FrontendRbac\\backend\\node_modules\\mongoose\\lib\\helpers\\updateValidators.js:162:13)\n    at D:\\Arpit\\FrontendRbac\\backend\\node_modules\\mongoose\\lib\\schemaType.js:1380:11\n    at process.processTicksAndRejections (node:internal/process/task_queues:85:11)","timestamp":"2024-12-12T14:55:24.079Z"}
{"level":"error","message":"MongoServerError: E11000 duplicate key error collection: rbac_db.roles index: name_1 dup key: { name: \"testing\" }\n    at InsertOneOperation.execute (D:\\Arpit\\FrontendRbac\\backend\\node_modules\\mongodb\\lib\\operations\\insert.js:51:19)\n    at process.processTicksAndRejections (node:internal/process/task_queues:105:5)\n    at async tryOperation (D:\\Arpit\\FrontendRbac\\backend\\node_modules\\mongodb\\lib\\operations\\execute_operation.js:199:20)\n    at async executeOperation (D:\\Arpit\\FrontendRbac\\backend\\node_modules\\mongodb\\lib\\operations\\execute_operation.js:69:16)\n    at async Collection.insertOne (D:\\Arpit\\FrontendRbac\\backend\\node_modules\\mongodb\\lib\\collection.js:154:16)","timestamp":"2024-12-12T14:57:12.345Z"}
{"level":"error","message":"TypeError: role.remove is not a function\n    at exports.deleteRole (D:\\Arpit\\FrontendRbac\\backend\\src\\controllers\\role.controller.js:116:16)\n    at process.processTicksAndRejections (node:internal/process/task_queues:105:5)","timestamp":"2024-12-12T14:57:29.903Z"}
{"level":"error","message":"TypeError: role.remove is not a function\n    at exports.deleteRole (D:\\Arpit\\FrontendRbac\\backend\\src\\controllers\\role.controller.js:116:16)\n    at process.processTicksAndRejections (node:internal/process/task_queues:105:5)","timestamp":"2024-12-12T14:57:57.243Z"}
{"level":"error","message":"TypeError: role.remove is not a function\n    at exports.deleteRole (D:\\Arpit\\FrontendRbac\\backend\\src\\controllers\\role.controller.js:116:16)\n    at process.processTicksAndRejections (node:internal/process/task_queues:105:5)","timestamp":"2024-12-12T14:59:12.784Z"}
{"level":"error","message":"TypeError: role.remove is not a function\n    at exports.deleteRole (D:\\Arpit\\FrontendRbac\\backend\\src\\controllers\\role.controller.js:116:16)\n    at process.processTicksAndRejections (node:internal/process/task_queues:105:5)","timestamp":"2024-12-12T14:59:18.863Z"}
{"level":"info","message":"MongoDB Connected: 127.0.0.1","timestamp":"2024-12-12T15:02:24.297Z"}
{"level":"info","message":"Starting database seeding...","timestamp":"2024-12-12T15:02:24.300Z"}
{"level":"info","message":"Seeding permissions...","timestamp":"2024-12-12T15:02:24.300Z"}
{"level":"info","message":"19 permissions seeded","timestamp":"2024-12-12T15:02:24.366Z"}
{"level":"info","message":"Seeding roles...","timestamp":"2024-12-12T15:02:24.367Z"}
{"level":"info","message":"4 roles seeded","timestamp":"2024-12-12T15:02:24.375Z"}
{"level":"info","message":"Database seeding completed successfully","timestamp":"2024-12-12T15:02:24.382Z"}
{"level":"info","message":"Server running on port 5000","timestamp":"2024-12-12T15:02:24.386Z"}
{"level":"info","message":"Login attempt for email: admin@gmail.com","timestamp":"2024-12-12T15:18:36.667Z"}
{"level":"info","message":"User found, stored hash: $2a$10$llw0G6IyibUob8h5XRt9ZuYGQYwnIp5P/2yL2SmRBCdpFyqkEZnfO","timestamp":"2024-12-12T15:18:36.670Z"}
{"level":"info","message":"Comparing with provided password: admin123","timestamp":"2024-12-12T15:18:36.670Z"}
{"level":"info","message":"Direct bcrypt comparison result: true","timestamp":"2024-12-12T15:18:36.754Z"}
{"level":"info","message":"Model method comparison result: true","timestamp":"2024-12-12T15:18:36.829Z"}
{"level":"info","message":"MFA required for user: admin@gmail.com","timestamp":"2024-12-12T15:18:36.830Z"}
{"level":"info","message":"MongoDB Connected: 127.0.0.1","timestamp":"2024-12-12T15:23:23.170Z"}
{"level":"info","message":"Starting database seeding...","timestamp":"2024-12-12T15:23:23.173Z"}
{"level":"info","message":"Seeding permissions...","timestamp":"2024-12-12T15:23:23.173Z"}
{"level":"info","message":"19 permissions seeded","timestamp":"2024-12-12T15:23:23.289Z"}
{"level":"info","message":"Seeding roles...","timestamp":"2024-12-12T15:23:23.296Z"}
{"level":"info","message":"4 roles seeded","timestamp":"2024-12-12T15:23:23.328Z"}
{"level":"info","message":"Database seeding completed successfully","timestamp":"2024-12-12T15:23:23.338Z"}
{"level":"info","message":"Server running on port 5000","timestamp":"2024-12-12T15:23:23.347Z"}
{"level":"info","message":"Login attempt for email: admin@gmail.com","timestamp":"2024-12-12T15:24:06.147Z"}
{"level":"info","message":"User found, stored hash: $2a$10$llw0G6IyibUob8h5XRt9ZuYGQYwnIp5P/2yL2SmRBCdpFyqkEZnfO","timestamp":"2024-12-12T15:24:06.152Z"}
{"level":"info","message":"Comparing with provided password: admin123","timestamp":"2024-12-12T15:24:06.153Z"}
{"level":"info","message":"Direct bcrypt comparison result: true","timestamp":"2024-12-12T15:24:06.231Z"}
{"level":"info","message":"Model method comparison result: true","timestamp":"2024-12-12T15:24:06.304Z"}
{"level":"info","message":"MFA required for user: admin@gmail.com","timestamp":"2024-12-12T15:24:06.304Z"}
{"level":"error","message":"ValidationError: User validation failed: password: Password is required\n    at Document.invalidate (D:\\Arpit\\FrontendRbac\\backend\\node_modules\\mongoose\\lib\\document.js:3318:32)\n    at D:\\Arpit\\FrontendRbac\\backend\\node_modules\\mongoose\\lib\\document.js:3079:17\n    at D:\\Arpit\\FrontendRbac\\backend\\node_modules\\mongoose\\lib\\schemaType.js:1388:9\n    at process.processTicksAndRejections (node:internal/process/task_queues:85:11)","timestamp":"2024-12-12T15:30:27.013Z"}
{"level":"info","message":"Activity logged: USER_CREATED by user 6747118b41baebd770cb9ddd","timestamp":"2024-12-12T15:32:14.822Z"}
{"level":"error","message":"TypeError: user.remove is not a function\n    at exports.deleteUser (D:\\Arpit\\FrontendRbac\\backend\\src\\controllers\\user.controller.js:237:16)\n    at process.processTicksAndRejections (node:internal/process/task_queues:105:5)","timestamp":"2024-12-12T15:32:18.580Z"}
{"level":"error","message":"TypeError: user.remove is not a function\n    at exports.deleteUser (D:\\Arpit\\FrontendRbac\\backend\\src\\controllers\\user.controller.js:237:16)\n    at process.processTicksAndRejections (node:internal/process/task_queues:105:5)","timestamp":"2024-12-12T16:18:06.811Z"}
{"level":"info","message":"MongoDB Connected: 127.0.0.1","timestamp":"2024-12-12T16:18:18.651Z"}
{"level":"info","message":"Starting database seeding...","timestamp":"2024-12-12T16:18:18.655Z"}
{"level":"info","message":"Seeding permissions...","timestamp":"2024-12-12T16:18:18.656Z"}
{"level":"info","message":"19 permissions seeded","timestamp":"2024-12-12T16:18:18.729Z"}
{"level":"info","message":"Seeding roles...","timestamp":"2024-12-12T16:18:18.730Z"}
{"level":"info","message":"4 roles seeded","timestamp":"2024-12-12T16:18:18.740Z"}
{"level":"info","message":"Database seeding completed successfully","timestamp":"2024-12-12T16:18:18.746Z"}
{"level":"info","message":"Server running on port 5000","timestamp":"2024-12-12T16:18:18.749Z"}
{"level":"info","message":"Activity logged: USER_DELETED by user 6747118b41baebd770cb9ddd","timestamp":"2024-12-12T16:18:25.137Z"}
{"level":"info","message":"Activity logged: USER_CREATED by user 6747118b41baebd770cb9ddd","timestamp":"2024-12-12T16:19:59.816Z"}
{"level":"info","message":"Activity logged: USER_CREATED by user 6747118b41baebd770cb9ddd","timestamp":"2024-12-12T16:20:29.797Z"}
{"level":"info","message":"Activity logged: USER_UPDATED by user 6747118b41baebd770cb9ddd","timestamp":"2024-12-12T16:21:12.002Z"}
{"level":"info","message":"Activity logged: USER_UPDATED by user 6747118b41baebd770cb9ddd","timestamp":"2024-12-12T16:21:13.197Z"}
{"level":"info","message":"Activity logged: USER_UPDATED by user 6747118b41baebd770cb9ddd","timestamp":"2024-12-12T16:40:00.757Z"}
{"level":"info","message":"Activity logged: USER_UPDATED by user 6747118b41baebd770cb9ddd","timestamp":"2024-12-12T16:40:02.119Z"}
{"level":"info","message":"Activity logged: USER_UPDATED by user 6747118b41baebd770cb9ddd","timestamp":"2024-12-12T16:41:48.436Z"}
{"level":"info","message":"Activity logged: USER_UPDATED by user 6747118b41baebd770cb9ddd","timestamp":"2024-12-12T16:41:53.414Z"}
{"level":"error","message":"Error: 643B0000:error:0A000438:SSL routines:ssl3_read_bytes:tlsv1 alert internal error:c:\\ws\\deps\\openssl\\openssl\\ssl\\record\\rec_layer_s3.c:1590:SSL alert number 80\n","timestamp":"2024-12-12T16:55:05.582Z"}
{"level":"error","message":"Error: 74150000:error:0A000438:SSL routines:ssl3_read_bytes:tlsv1 alert internal error:c:\\ws\\deps\\openssl\\openssl\\ssl\\record\\rec_layer_s3.c:1590:SSL alert number 80\n","timestamp":"2024-12-12T16:59:52.073Z"}
{"level":"error","message":"Error: 04450000:error:0A000438:SSL routines:ssl3_read_bytes:tlsv1 alert internal error:c:\\ws\\deps\\openssl\\openssl\\ssl\\record\\rec_layer_s3.c:1590:SSL alert number 80\n","timestamp":"2024-12-12T17:05:22.611Z"}
{"level":"info","message":"MongoDB Connected: cluster0-shard-00-01.mmvjl.mongodb.net","timestamp":"2024-12-12T17:06:51.574Z"}
{"level":"info","message":"Starting database seeding...","timestamp":"2024-12-12T17:06:51.578Z"}
{"level":"info","message":"Seeding permissions...","timestamp":"2024-12-12T17:06:51.579Z"}
{"level":"info","message":"19 permissions seeded","timestamp":"2024-12-12T17:06:56.146Z"}
{"level":"info","message":"Seeding roles...","timestamp":"2024-12-12T17:06:56.149Z"}
{"level":"info","message":"4 roles seeded","timestamp":"2024-12-12T17:06:56.197Z"}
{"level":"info","message":"Creating admin user...","timestamp":"2024-12-12T17:06:56.232Z"}
{"level":"info","message":"Admin user created","timestamp":"2024-12-12T17:06:56.416Z"}
{"level":"info","message":"Database seeding completed successfully","timestamp":"2024-12-12T17:06:56.416Z"}
{"level":"info","message":"Server running on port 5000","timestamp":"2024-12-12T17:06:56.419Z"}
{"level":"info","message":"Login attempt for email: admin@gmail.com","timestamp":"2024-12-12T17:07:17.646Z"}
{"level":"info","message":"User found, stored hash: $2a$10$3sL92bMvIwHB0XatiaKtSeb9ETXqcp8Lv006FKl38J5y6Ekh5QpdW","timestamp":"2024-12-12T17:07:17.696Z"}
{"level":"info","message":"Comparing with provided password: admin123","timestamp":"2024-12-12T17:07:17.697Z"}
{"level":"info","message":"Direct bcrypt comparison result: false","timestamp":"2024-12-12T17:07:17.784Z"}
{"level":"info","message":"Model method comparison result: false","timestamp":"2024-12-12T17:07:17.853Z"}
{"level":"warn","message":"Login failed: Invalid password for email: admin@gmail.com","timestamp":"2024-12-12T17:07:17.853Z"}
{"level":"info","message":"Login attempt for email: admin@gmail.com","timestamp":"2024-12-12T17:08:56.180Z"}
{"level":"info","message":"User found, stored hash: $2a$10$3sL92bMvIwHB0XatiaKtSeb9ETXqcp8Lv006FKl38J5y6Ekh5QpdW","timestamp":"2024-12-12T17:08:56.219Z"}
{"level":"info","message":"Comparing with provided password: admin123","timestamp":"2024-12-12T17:08:56.219Z"}
{"level":"info","message":"Direct bcrypt comparison result: false","timestamp":"2024-12-12T17:08:56.299Z"}
{"level":"info","message":"Model method comparison result: false","timestamp":"2024-12-12T17:08:56.372Z"}
{"level":"warn","message":"Login failed: Invalid password for email: admin@gmail.com","timestamp":"2024-12-12T17:08:56.373Z"}
{"level":"info","message":"Login attempt for email: admin@gmail.com","timestamp":"2024-12-12T17:09:03.937Z"}
{"level":"info","message":"User found, stored hash: $2a$10$3sL92bMvIwHB0XatiaKtSeb9ETXqcp8Lv006FKl38J5y6Ekh5QpdW","timestamp":"2024-12-12T17:09:03.976Z"}
{"level":"info","message":"Comparing with provided password: admin123","timestamp":"2024-12-12T17:09:03.976Z"}
{"level":"info","message":"Direct bcrypt comparison result: false","timestamp":"2024-12-12T17:09:04.056Z"}
{"level":"info","message":"Model method comparison result: false","timestamp":"2024-12-12T17:09:04.128Z"}
{"level":"warn","message":"Login failed: Invalid password for email: admin@gmail.com","timestamp":"2024-12-12T17:09:04.128Z"}
{"level":"info","message":"Login attempt for email: admin@gmail.com","timestamp":"2024-12-12T17:09:05.403Z"}
{"level":"info","message":"User found, stored hash: $2a$10$3sL92bMvIwHB0XatiaKtSeb9ETXqcp8Lv006FKl38J5y6Ekh5QpdW","timestamp":"2024-12-12T17:09:05.437Z"}
{"level":"info","message":"Comparing with provided password: admin123","timestamp":"2024-12-12T17:09:05.438Z"}
{"level":"info","message":"Direct bcrypt comparison result: false","timestamp":"2024-12-12T17:09:05.520Z"}
{"level":"info","message":"Model method comparison result: false","timestamp":"2024-12-12T17:09:05.590Z"}
{"level":"warn","message":"Login failed: Invalid password for email: admin@gmail.com","timestamp":"2024-12-12T17:09:05.591Z"}
{"level":"info","message":"Login attempt for email: admin@gmail.com","timestamp":"2024-12-12T17:13:15.209Z"}
{"level":"info","message":"User found, stored hash: $2a$10$3sL92bMvIwHB0XatiaKtSeb9ETXqcp8Lv006FKl38J5y6Ekh5QpdW","timestamp":"2024-12-12T17:13:15.246Z"}
{"level":"info","message":"Comparing with provided password: admin123","timestamp":"2024-12-12T17:13:15.247Z"}
{"level":"info","message":"Direct bcrypt comparison result: false","timestamp":"2024-12-12T17:13:15.333Z"}
{"level":"info","message":"Model method comparison result: false","timestamp":"2024-12-12T17:13:15.413Z"}
{"level":"warn","message":"Login failed: Invalid password for email: admin@gmail.com","timestamp":"2024-12-12T17:13:15.413Z"}
{"level":"info","message":"MongoDB Connected: cluster0-shard-00-00.mmvjl.mongodb.net","timestamp":"2024-12-12T17:13:47.321Z"}
{"level":"info","message":"Starting database seeding...","timestamp":"2024-12-12T17:13:47.325Z"}
{"level":"info","message":"Seeding permissions...","timestamp":"2024-12-12T17:13:47.325Z"}
{"level":"info","message":"19 permissions seeded","timestamp":"2024-12-12T17:13:48.250Z"}
{"level":"info","message":"Seeding roles...","timestamp":"2024-12-12T17:13:48.252Z"}
{"level":"info","message":"4 roles seeded","timestamp":"2024-12-12T17:13:48.316Z"}
{"level":"info","message":"Database seeding completed successfully","timestamp":"2024-12-12T17:13:48.356Z"}
{"level":"info","message":"Server running on port 5000","timestamp":"2024-12-12T17:13:48.359Z"}
{"level":"info","message":"Login attempt for email: admin@gmail.com","timestamp":"2024-12-12T17:13:56.059Z"}
{"level":"info","message":"User found, stored hash: $2a$10$3sL92bMvIwHB0XatiaKtSeb9ETXqcp8Lv006FKl38J5y6Ekh5QpdW","timestamp":"2024-12-12T17:13:56.097Z"}
{"level":"info","message":"Comparing with provided password: admin123","timestamp":"2024-12-12T17:13:56.098Z"}
{"level":"info","message":"Direct bcrypt comparison result: false","timestamp":"2024-12-12T17:13:56.173Z"}
{"level":"info","message":"Model method comparison result: false","timestamp":"2024-12-12T17:13:56.243Z"}
{"level":"warn","message":"Login failed: Invalid password for email: admin@gmail.com","timestamp":"2024-12-12T17:13:56.244Z"}
{"level":"info","message":"Login attempt for email: admin@gmail.com","timestamp":"2024-12-12T17:14:04.425Z"}
{"level":"info","message":"User found, stored hash: $2a$10$3sL92bMvIwHB0XatiaKtSeb9ETXqcp8Lv006FKl38J5y6Ekh5QpdW","timestamp":"2024-12-12T17:14:04.462Z"}
{"level":"info","message":"Comparing with provided password: admin123","timestamp":"2024-12-12T17:14:04.463Z"}
{"level":"info","message":"Direct bcrypt comparison result: false","timestamp":"2024-12-12T17:14:04.536Z"}
{"level":"info","message":"Model method comparison result: false","timestamp":"2024-12-12T17:14:04.606Z"}
{"level":"warn","message":"Login failed: Invalid password for email: admin@gmail.com","timestamp":"2024-12-12T17:14:04.606Z"}
{"level":"info","message":"MongoDB Connected: cluster0-shard-00-01.mmvjl.mongodb.net","timestamp":"2024-12-12T17:16:21.382Z"}
{"level":"info","message":"Starting database seeding...","timestamp":"2024-12-12T17:16:21.385Z"}
{"level":"info","message":"Seeding permissions...","timestamp":"2024-12-12T17:16:21.386Z"}
{"level":"info","message":"19 permissions seeded","timestamp":"2024-12-12T17:16:22.214Z"}
{"level":"info","message":"Seeding roles...","timestamp":"2024-12-12T17:16:22.215Z"}
{"level":"info","message":"4 roles seeded","timestamp":"2024-12-12T17:16:22.319Z"}
{"level":"info","message":"Database seeding completed successfully","timestamp":"2024-12-12T17:16:22.362Z"}
{"level":"info","message":"Server running on port 5000","timestamp":"2024-12-12T17:16:22.367Z"}
{"level":"info","message":"Login attempt for email: admin@gmail.com","timestamp":"2024-12-12T17:16:29.353Z"}
{"level":"info","message":"Password verification result: false","timestamp":"2024-12-12T17:16:29.485Z"}
{"level":"warn","message":"Login failed: Invalid password for email: admin@gmail.com","timestamp":"2024-12-12T17:16:29.486Z"}
{"level":"info","message":"Login attempt for email: admin@gmail.com","timestamp":"2024-12-12T17:16:31.694Z"}
{"level":"info","message":"Password verification result: false","timestamp":"2024-12-12T17:16:31.826Z"}
{"level":"warn","message":"Login failed: Invalid password for email: admin@gmail.com","timestamp":"2024-12-12T17:16:31.827Z"}
{"level":"info","message":"Login attempt for email: admin@gmail.com","timestamp":"2024-12-12T17:16:32.703Z"}
{"level":"info","message":"Password verification result: false","timestamp":"2024-12-12T17:16:32.821Z"}
{"level":"warn","message":"Login failed: Invalid password for email: admin@gmail.com","timestamp":"2024-12-12T17:16:32.822Z"}
{"level":"info","message":"Login attempt for email: admin@gmail.com","timestamp":"2024-12-12T17:16:43.389Z"}
{"level":"info","message":"Password verification result: false","timestamp":"2024-12-12T17:16:43.509Z"}
{"level":"warn","message":"Login failed: Invalid password for email: admin@gmail.com","timestamp":"2024-12-12T17:16:43.509Z"}
{"level":"info","message":"Login attempt for email: admin@gmail.com","timestamp":"2024-12-12T17:17:22.002Z"}
{"level":"info","message":"Password verification result: false","timestamp":"2024-12-12T17:17:22.125Z"}
{"level":"warn","message":"Login failed: Invalid password for email: admin@gmail.com","timestamp":"2024-12-12T17:17:22.125Z"}
{"level":"info","message":"Login attempt for email: admin@gmail.com","timestamp":"2024-12-12T17:17:22.820Z"}
{"level":"info","message":"Password verification result: false","timestamp":"2024-12-12T17:17:22.926Z"}
{"level":"warn","message":"Login failed: Invalid password for email: admin@gmail.com","timestamp":"2024-12-12T17:17:22.927Z"}
{"level":"info","message":"Login attempt for email: admin@gmail.com","timestamp":"2024-12-12T17:17:24.089Z"}
{"level":"info","message":"Password verification result: false","timestamp":"2024-12-12T17:17:24.196Z"}
{"level":"warn","message":"Login failed: Invalid password for email: admin@gmail.com","timestamp":"2024-12-12T17:17:24.196Z"}
{"level":"info","message":"Login attempt for email: admin@gmail.com","timestamp":"2024-12-12T17:21:34.215Z"}
{"level":"info","message":"Password verification result: false","timestamp":"2024-12-12T17:21:34.324Z"}
{"level":"warn","message":"Login failed: Invalid password for email: admin@gmail.com","timestamp":"2024-12-12T17:21:34.325Z"}
{"level":"info","message":"Login attempt for email: admin@gmail.com","timestamp":"2024-12-12T17:24:37.021Z"}
{"level":"info","message":"Password verification result: false","timestamp":"2024-12-12T17:24:37.149Z"}
{"level":"warn","message":"Login failed: Invalid password for email: admin@gmail.com","timestamp":"2024-12-12T17:24:37.150Z"}
{"level":"info","message":"MongoDB Connected: cluster0-shard-00-01.mmvjl.mongodb.net","timestamp":"2024-12-12T17:24:46.813Z"}
{"level":"info","message":"Starting database seeding...","timestamp":"2024-12-12T17:24:46.817Z"}
{"level":"info","message":"Seeding permissions...","timestamp":"2024-12-12T17:24:46.818Z"}
{"level":"info","message":"19 permissions seeded","timestamp":"2024-12-12T17:24:47.280Z"}
{"level":"info","message":"Seeding roles...","timestamp":"2024-12-12T17:24:47.281Z"}
{"level":"info","message":"4 roles seeded","timestamp":"2024-12-12T17:24:47.365Z"}
{"level":"info","message":"Database seeding completed successfully","timestamp":"2024-12-12T17:24:47.413Z"}
{"level":"info","message":"Server running on port 5000","timestamp":"2024-12-12T17:24:47.419Z"}
{"level":"info","message":"Login attempt for email: admin@gmail.com","timestamp":"2024-12-12T17:24:50.039Z"}
{"level":"info","message":"Password verification result: false","timestamp":"2024-12-12T17:24:50.172Z"}
{"level":"warn","message":"Login failed: Invalid password for email: admin@gmail.com","timestamp":"2024-12-12T17:24:50.173Z"}
{"level":"info","message":"Login attempt for email: admin@gmail.com","timestamp":"2024-12-12T17:25:37.770Z"}
{"level":"info","message":"Password verification result: false","timestamp":"2024-12-12T17:25:37.901Z"}
{"level":"warn","message":"Login failed: Invalid password for email: admin@gmail.com","timestamp":"2024-12-12T17:25:37.902Z"}
{"level":"info","message":"Login attempt for email: admin@gmail.com","timestamp":"2024-12-12T17:25:45.133Z"}
{"level":"info","message":"Password verification result: false","timestamp":"2024-12-12T17:25:45.270Z"}
{"level":"warn","message":"Login failed: Invalid password for email: admin@gmail.com","timestamp":"2024-12-12T17:25:45.271Z"}
{"level":"info","message":"Login attempt for email: admin@gmail.com","timestamp":"2024-12-12T17:32:02.838Z"}
{"level":"info","message":"Password verification result: false","timestamp":"2024-12-12T17:32:02.998Z"}
{"level":"warn","message":"Login failed: Invalid password for email: admin@gmail.com","timestamp":"2024-12-12T17:32:02.998Z"}
{"level":"info","message":"MongoDB Connected: cluster0-shard-00-00.mmvjl.mongodb.net","timestamp":"2024-12-12T17:38:34.293Z"}
{"level":"info","message":"Starting database seeding...","timestamp":"2024-12-12T17:38:34.296Z"}
{"level":"info","message":"Seeding permissions...","timestamp":"2024-12-12T17:38:34.297Z"}
{"level":"info","message":"19 permissions seeded","timestamp":"2024-12-12T17:38:35.780Z"}
{"level":"info","message":"Seeding roles...","timestamp":"2024-12-12T17:38:35.782Z"}
{"level":"info","message":"4 roles seeded","timestamp":"2024-12-12T17:38:35.831Z"}
{"level":"info","message":"Creating admin user...","timestamp":"2024-12-12T17:38:35.875Z"}
{"level":"info","message":"Admin user created","timestamp":"2024-12-12T17:38:36.070Z"}
{"level":"info","message":"Database seeding completed successfully","timestamp":"2024-12-12T17:38:36.071Z"}
{"level":"info","message":"Server running on port 5000","timestamp":"2024-12-12T17:38:36.081Z"}
{"level":"info","message":"Login attempt for email: admin@gmail.com","timestamp":"2024-12-12T17:38:49.561Z"}
{"level":"info","message":"Password verification result: false","timestamp":"2024-12-12T17:38:49.690Z"}
{"level":"warn","message":"Login failed: Invalid password for email: admin@gmail.com","timestamp":"2024-12-12T17:38:49.691Z"}
{"level":"info","message":"Login attempt for email: admin@gmail.com","timestamp":"2024-12-12T17:44:35.184Z"}
{"level":"info","message":"Password verification result: false","timestamp":"2024-12-12T17:44:35.300Z"}
{"level":"warn","message":"Login failed: Invalid password for email: admin@gmail.com","timestamp":"2024-12-12T17:44:35.300Z"}
{"level":"info","message":"Login attempt for email: admin@gmail.com","timestamp":"2024-12-12T17:45:16.630Z"}
{"level":"info","message":"Password verification result: false","timestamp":"2024-12-12T17:45:16.762Z"}
{"level":"warn","message":"Login failed: Invalid password for email: admin@gmail.com","timestamp":"2024-12-12T17:45:16.762Z"}
{"level":"info","message":"Login attempt for email: admin@gmail.com","timestamp":"2024-12-12T17:48:22.242Z"}
{"level":"info","message":"Password verification result: false","timestamp":"2024-12-12T17:48:22.356Z"}
{"level":"warn","message":"Login failed: Invalid password for email: admin@gmail.com","timestamp":"2024-12-12T17:48:22.357Z"}
{"level":"info","message":"Login attempt for email: admin@gmail.com","timestamp":"2024-12-12T17:51:41.341Z"}
{"level":"info","message":"Password verification result: false","timestamp":"2024-12-12T17:51:41.467Z"}
{"level":"warn","message":"Login failed: Invalid password for email: admin@gmail.com","timestamp":"2024-12-12T17:51:41.467Z"}
{"level":"info","message":"MongoDB Connected: cluster0-shard-00-00.mmvjl.mongodb.net","timestamp":"2024-12-12T17:55:17.500Z"}
{"level":"info","message":"Starting database seeding...","timestamp":"2024-12-12T17:55:17.504Z"}
{"level":"info","message":"Seeding permissions...","timestamp":"2024-12-12T17:55:17.504Z"}
{"level":"info","message":"19 permissions seeded","timestamp":"2024-12-12T17:55:18.487Z"}
{"level":"info","message":"Seeding roles...","timestamp":"2024-12-12T17:55:18.490Z"}
{"level":"info","message":"4 roles seeded","timestamp":"2024-12-12T17:55:18.554Z"}
{"level":"info","message":"Database seeding completed successfully","timestamp":"2024-12-12T17:55:18.602Z"}
{"level":"info","message":"Server running on port 5000","timestamp":"2024-12-12T17:55:18.607Z"}
{"level":"info","message":"Login attempt for email: admin@gmail.com","timestamp":"2024-12-12T17:55:29.155Z"}
{"level":"info","message":"Password verification result: true","timestamp":"2024-12-12T17:55:29.276Z"}
{"level":"info","message":"MFA required for user: admin@gmail.com","timestamp":"2024-12-12T17:55:29.277Z"}
{"level":"error","message":"CastError: Cast to ObjectId failed for value \"undefined\" (type string) at path \"_id\" for model \"Permission\"\n    at SchemaObjectId.cast (D:\\Arpit\\FrontendRbac\\backend\\node_modules\\mongoose\\lib\\schema\\objectId.js:250:11)\n    at SchemaType.applySetters (D:\\Arpit\\FrontendRbac\\backend\\node_modules\\mongoose\\lib\\schemaType.js:1236:12)\n    at SchemaType.castForQuery (D:\\Arpit\\FrontendRbac\\backend\\node_modules\\mongoose\\lib\\schemaType.js:1653:17)\n    at cast (D:\\Arpit\\FrontendRbac\\backend\\node_modules\\mongoose\\lib\\cast.js:390:32)\n    at Query.cast (D:\\Arpit\\FrontendRbac\\backend\\node_modules\\mongoose\\lib\\query.js:4906:12)\n    at Query._castConditions (D:\\Arpit\\FrontendRbac\\backend\\node_modules\\mongoose\\lib\\query.js:2309:10)\n    at model.Query._findOneAndUpdate (D:\\Arpit\\FrontendRbac\\backend\\node_modules\\mongoose\\lib\\query.js:3406:8)\n    at model.Query.exec (D:\\Arpit\\FrontendRbac\\backend\\node_modules\\mongoose\\lib\\query.js:4458:80)\n    at process.processTicksAndRejections (node:internal/process/task_queues:105:5)\n    at async exports.updatePermission (D:\\Arpit\\FrontendRbac\\backend\\src\\controllers\\permission.controller.js:57:24)","timestamp":"2024-12-12T18:00:24.948Z"}
{"level":"error","message":"CastError: Cast to ObjectId failed for value \"undefined\" (type string) at path \"_id\" for model \"Permission\"\n    at SchemaObjectId.cast (D:\\Arpit\\FrontendRbac\\backend\\node_modules\\mongoose\\lib\\schema\\objectId.js:250:11)\n    at SchemaType.applySetters (D:\\Arpit\\FrontendRbac\\backend\\node_modules\\mongoose\\lib\\schemaType.js:1236:12)\n    at SchemaType.castForQuery (D:\\Arpit\\FrontendRbac\\backend\\node_modules\\mongoose\\lib\\schemaType.js:1653:17)\n    at cast (D:\\Arpit\\FrontendRbac\\backend\\node_modules\\mongoose\\lib\\cast.js:390:32)\n    at Query.cast (D:\\Arpit\\FrontendRbac\\backend\\node_modules\\mongoose\\lib\\query.js:4906:12)\n    at Query._castConditions (D:\\Arpit\\FrontendRbac\\backend\\node_modules\\mongoose\\lib\\query.js:2309:10)\n    at model.Query._findOneAndUpdate (D:\\Arpit\\FrontendRbac\\backend\\node_modules\\mongoose\\lib\\query.js:3406:8)\n    at model.Query.exec (D:\\Arpit\\FrontendRbac\\backend\\node_modules\\mongoose\\lib\\query.js:4458:80)\n    at process.processTicksAndRejections (node:internal/process/task_queues:105:5)\n    at async exports.updatePermission (D:\\Arpit\\FrontendRbac\\backend\\src\\controllers\\permission.controller.js:57:24)","timestamp":"2024-12-12T18:00:35.460Z"}
{"level":"info","message":"Activity logged: USER_CREATED by user 675b197f15d971d2b1d97f52","timestamp":"2024-12-12T18:02:58.908Z"}
{"level":"info","message":"Activity logged: USER_UPDATED by user 675b197f15d971d2b1d97f52","timestamp":"2024-12-12T18:03:31.940Z"}
{"level":"info","message":"Activity logged: USER_DELETED by user 675b197f15d971d2b1d97f52","timestamp":"2024-12-12T18:03:51.068Z"}
{"level":"error","message":"CastError: Cast to ObjectId failed for value \"undefined\" (type string) at path \"_id\" for model \"Permission\"\n    at SchemaObjectId.cast (D:\\Arpit\\FrontendRbac\\backend\\node_modules\\mongoose\\lib\\schema\\objectId.js:250:11)\n    at SchemaType.applySetters (D:\\Arpit\\FrontendRbac\\backend\\node_modules\\mongoose\\lib\\schemaType.js:1236:12)\n    at SchemaType.castForQuery (D:\\Arpit\\FrontendRbac\\backend\\node_modules\\mongoose\\lib\\schemaType.js:1653:17)\n    at cast (D:\\Arpit\\FrontendRbac\\backend\\node_modules\\mongoose\\lib\\cast.js:390:32)\n    at Query.cast (D:\\Arpit\\FrontendRbac\\backend\\node_modules\\mongoose\\lib\\query.js:4906:12)\n    at Query._castConditions (D:\\Arpit\\FrontendRbac\\backend\\node_modules\\mongoose\\lib\\query.js:2309:10)\n    at model.Query._findOneAndUpdate (D:\\Arpit\\FrontendRbac\\backend\\node_modules\\mongoose\\lib\\query.js:3406:8)\n    at model.Query.exec (D:\\Arpit\\FrontendRbac\\backend\\node_modules\\mongoose\\lib\\query.js:4458:80)\n    at process.processTicksAndRejections (node:internal/process/task_queues:105:5)\n    at async exports.updatePermission (D:\\Arpit\\FrontendRbac\\backend\\src\\controllers\\permission.controller.js:57:24)","timestamp":"2024-12-12T18:04:56.816Z"}
{"level":"error","message":"ValidationError: Validation failed: createdBy: Path `createdBy` is required.\n    at _done (D:\\Arpit\\FrontendRbac\\backend\\node_modules\\mongoose\\lib\\helpers\\updateValidators.js:228:19)\n    at D:\\Arpit\\FrontendRbac\\backend\\node_modules\\mongoose\\lib\\helpers\\updateValidators.js:204:11\n    at schemaPath.doValidate.updateValidator (D:\\Arpit\\FrontendRbac\\backend\\node_modules\\mongoose\\lib\\helpers\\updateValidators.js:162:13)\n    at D:\\Arpit\\FrontendRbac\\backend\\node_modules\\mongoose\\lib\\schemaType.js:1380:11\n    at process.processTicksAndRejections (node:internal/process/task_queues:85:11)","timestamp":"2024-12-12T18:08:16.928Z"}
{"level":"error","message":"ValidationError: Validation failed: createdBy: Path `createdBy` is required.\n    at _done (D:\\Arpit\\FrontendRbac\\backend\\node_modules\\mongoose\\lib\\helpers\\updateValidators.js:228:19)\n    at D:\\Arpit\\FrontendRbac\\backend\\node_modules\\mongoose\\lib\\helpers\\updateValidators.js:204:11\n    at schemaPath.doValidate.updateValidator (D:\\Arpit\\FrontendRbac\\backend\\node_modules\\mongoose\\lib\\helpers\\updateValidators.js:162:13)\n    at D:\\Arpit\\FrontendRbac\\backend\\node_modules\\mongoose\\lib\\schemaType.js:1380:11\n    at process.processTicksAndRejections (node:internal/process/task_queues:85:11)","timestamp":"2024-12-12T18:08:29.058Z"}
{"level":"error","message":"ValidationError: Validation failed: createdBy: Path `createdBy` is required.\n    at _done (D:\\Arpit\\FrontendRbac\\backend\\node_modules\\mongoose\\lib\\helpers\\updateValidators.js:228:19)\n    at D:\\Arpit\\FrontendRbac\\backend\\node_modules\\mongoose\\lib\\helpers\\updateValidators.js:204:11\n    at schemaPath.doValidate.updateValidator (D:\\Arpit\\FrontendRbac\\backend\\node_modules\\mongoose\\lib\\helpers\\updateValidators.js:162:13)\n    at D:\\Arpit\\FrontendRbac\\backend\\node_modules\\mongoose\\lib\\schemaType.js:1380:11\n    at process.processTicksAndRejections (node:internal/process/task_queues:85:11)","timestamp":"2024-12-12T18:10:12.508Z"}
{"level":"info","message":"Server running on port 5000","timestamp":"2024-12-12T19:32:08.039Z"}
{"level":"info","message":"MongoDB Connected: cluster0-shard-00-00.mmvjl.mongodb.net","timestamp":"2024-12-12T19:32:09.544Z"}
{"level":"info","message":"Starting database seeding...","timestamp":"2024-12-12T19:32:09.545Z"}
{"level":"info","message":"Seeding permissions...","timestamp":"2024-12-12T19:32:09.546Z"}
{"level":"info","message":"19 permissions seeded","timestamp":"2024-12-12T19:32:10.920Z"}
{"level":"info","message":"Seeding roles...","timestamp":"2024-12-12T19:32:10.924Z"}
{"level":"info","message":"4 roles seeded","timestamp":"2024-12-12T19:32:11.126Z"}
{"level":"info","message":"Database seeding completed successfully","timestamp":"2024-12-12T19:32:11.201Z"}
{"level":"info","message":"MongoDB Connected: cluster0-shard-00-01.mmvjl.mongodb.net","timestamp":"2024-12-12T20:01:33.825Z"}
{"level":"info","message":"Starting database seeding...","timestamp":"2024-12-12T20:01:33.831Z"}
{"level":"info","message":"Seeding permissions...","timestamp":"2024-12-12T20:01:33.832Z"}
{"level":"info","message":"19 permissions seeded","timestamp":"2024-12-12T20:01:34.774Z"}
{"level":"info","message":"Seeding roles...","timestamp":"2024-12-12T20:01:34.777Z"}
{"level":"info","message":"4 roles seeded","timestamp":"2024-12-12T20:01:34.856Z"}
{"level":"info","message":"Database seeding completed successfully","timestamp":"2024-12-12T20:01:34.895Z"}
{"level":"info","message":"Server running on port 5000","timestamp":"2024-12-12T20:01:34.898Z"}
{"level":"info","message":"GET /healh","timestamp":"2024-12-12T20:06:31.810Z"}
{"level":"error","message":"Error: Could not connect to any servers in your MongoDB Atlas cluster. One common reason is that you're trying to access the database from an IP that isn't whitelisted. Make sure your current IP address is on your Atlas cluster's IP whitelist: https://www.mongodb.com/docs/atlas/security-whitelist/","timestamp":"2024-12-13T08:58:09.241Z"}
{"level":"error","message":"Error: Could not connect to any servers in your MongoDB Atlas cluster. One common reason is that you're trying to access the database from an IP that isn't whitelisted. Make sure your current IP address is on your Atlas cluster's IP whitelist: https://www.mongodb.com/docs/atlas/security-whitelist/","timestamp":"2024-12-13T08:58:52.463Z"}
{"level":"info","message":"MongoDB Connected: cluster0-shard-00-02.mmvjl.mongodb.net","timestamp":"2024-12-13T08:59:49.683Z"}
{"level":"info","message":"Starting database seeding...","timestamp":"2024-12-13T08:59:49.692Z"}
{"level":"info","message":"Seeding permissions...","timestamp":"2024-12-13T08:59:49.694Z"}
{"level":"info","message":"19 permissions seeded","timestamp":"2024-12-13T08:59:50.189Z"}
{"level":"info","message":"Seeding roles...","timestamp":"2024-12-13T08:59:50.192Z"}
{"level":"info","message":"4 roles seeded","timestamp":"2024-12-13T08:59:50.259Z"}
{"level":"info","message":"Database seeding completed successfully","timestamp":"2024-12-13T08:59:50.304Z"}
{"level":"info","message":"Server running on port 5000","timestamp":"2024-12-13T08:59:50.315Z"}
{"level":"info","message":"MongoDB Connected: cluster0-shard-00-00.mmvjl.mongodb.net","timestamp":"2024-12-13T09:02:01.675Z"}
{"level":"info","message":"Starting database seeding...","timestamp":"2024-12-13T09:02:01.679Z"}
{"level":"info","message":"Seeding permissions...","timestamp":"2024-12-13T09:02:01.680Z"}
{"level":"info","message":"19 permissions seeded","timestamp":"2024-12-13T09:02:02.177Z"}
{"level":"info","message":"Seeding roles...","timestamp":"2024-12-13T09:02:02.178Z"}
{"level":"info","message":"4 roles seeded","timestamp":"2024-12-13T09:02:02.255Z"}
{"level":"info","message":"Database seeding completed successfully","timestamp":"2024-12-13T09:02:02.289Z"}
{"level":"info","message":"Server running on port 5000","timestamp":"2024-12-13T09:02:02.294Z"}
{"level":"info","message":"POST /api/auth/login","timestamp":"2024-12-13T09:02:20.403Z"}
{"level":"info","message":"Login attempt for email: admin@gmail.com","timestamp":"2024-12-13T09:02:20.414Z"}
{"level":"info","message":"Password verification result: true","timestamp":"2024-12-13T09:02:20.584Z"}
{"level":"info","message":"MFA required for user: admin@gmail.com","timestamp":"2024-12-13T09:02:20.586Z"}
{"level":"info","message":"POST /api/auth/verify-mfa","timestamp":"2024-12-13T09:02:25.226Z"}
{"level":"info","message":"GET /api/activities/stats","timestamp":"2024-12-13T09:02:25.502Z"}
{"level":"info","message":"GET /api/sessions/stats","timestamp":"2024-12-13T09:02:25.510Z"}
{"level":"info","message":"GET /api/activities?page=1&limit=10","timestamp":"2024-12-13T09:02:25.519Z"}
{"level":"info","message":"GET /api/sessions/stats","timestamp":"2024-12-13T09:02:25.746Z"}
{"level":"info","message":"GET /api/activities/stats","timestamp":"2024-12-13T09:02:25.756Z"}
{"level":"info","message":"GET /api/activities?page=1&limit=10","timestamp":"2024-12-13T09:02:25.820Z"}
{"level":"info","message":"GET /api/roles/hierarchy","timestamp":"2024-12-13T09:02:33.453Z"}
{"level":"info","message":"GET /api/permissions","timestamp":"2024-12-13T09:02:33.458Z"}
{"level":"info","message":"GET /api/roles/hierarchy","timestamp":"2024-12-13T09:02:33.739Z"}
{"level":"info","message":"GET /api/permissions","timestamp":"2024-12-13T09:02:33.744Z"}
{"level":"info","message":"GET /api/users","timestamp":"2024-12-13T09:02:34.490Z"}
{"level":"info","message":"GET /api/roles","timestamp":"2024-12-13T09:02:34.493Z"}
{"level":"info","message":"GET /api/roles","timestamp":"2024-12-13T09:02:34.753Z"}
{"level":"info","message":"GET /api/users","timestamp":"2024-12-13T09:02:34.885Z"}
{"level":"info","message":"GET /api/activities/stats","timestamp":"2024-12-13T09:02:36.401Z"}
{"level":"info","message":"GET /api/sessions/stats","timestamp":"2024-12-13T09:02:36.405Z"}
{"level":"info","message":"GET /api/activities?page=1&limit=10","timestamp":"2024-12-13T09:02:36.409Z"}
{"level":"info","message":"GET /api/sessions/stats","timestamp":"2024-12-13T09:02:36.620Z"}
{"level":"info","message":"GET /api/activities/stats","timestamp":"2024-12-13T09:02:36.625Z"}
{"level":"info","message":"GET /api/activities?page=1&limit=10","timestamp":"2024-12-13T09:02:36.677Z"}
{"level":"info","message":"GET /api/permissions","timestamp":"2024-12-13T09:02:40.864Z"}
{"level":"info","message":"GET /api/permissions","timestamp":"2024-12-13T09:02:41.112Z"}
{"level":"info","message":"GET /api/roles/hierarchy","timestamp":"2024-12-13T09:02:47.719Z"}
{"level":"info","message":"GET /api/permissions","timestamp":"2024-12-13T09:02:47.723Z"}
{"level":"info","message":"GET /api/roles/hierarchy","timestamp":"2024-12-13T09:02:47.968Z"}
{"level":"info","message":"GET /api/permissions","timestamp":"2024-12-13T09:02:47.978Z"}
{"level":"info","message":"GET /api/users","timestamp":"2024-12-13T09:03:02.686Z"}
{"level":"info","message":"GET /api/roles","timestamp":"2024-12-13T09:03:02.691Z"}
{"level":"info","message":"GET /api/roles","timestamp":"2024-12-13T09:03:02.991Z"}
{"level":"info","message":"GET /api/users","timestamp":"2024-12-13T09:03:03.113Z"}
{"level":"info","message":"GET /api/activities/stats","timestamp":"2024-12-13T09:03:04.990Z"}
{"level":"info","message":"GET /api/sessions/stats","timestamp":"2024-12-13T09:03:05.010Z"}
{"level":"info","message":"GET /api/activities?page=1&limit=10","timestamp":"2024-12-13T09:03:05.029Z"}
{"level":"info","message":"GET /api/sessions/stats","timestamp":"2024-12-13T09:03:05.251Z"}
{"level":"info","message":"GET /api/activities/stats","timestamp":"2024-12-13T09:03:05.254Z"}
{"level":"info","message":"GET /api/activities?page=1&limit=10","timestamp":"2024-12-13T09:03:05.340Z"}
{"level":"info","message":"GET /api/roles/hierarchy","timestamp":"2024-12-13T09:03:06.269Z"}
{"level":"info","message":"GET /api/permissions","timestamp":"2024-12-13T09:03:06.295Z"}
{"level":"info","message":"GET /api/roles/hierarchy","timestamp":"2024-12-13T09:03:06.616Z"}
{"level":"info","message":"GET /api/permissions","timestamp":"2024-12-13T09:03:06.678Z"}
{"level":"info","message":"GET /api/users","timestamp":"2024-12-13T09:03:07.894Z"}
{"level":"info","message":"GET /api/roles","timestamp":"2024-12-13T09:03:07.901Z"}
{"level":"info","message":"GET /api/roles","timestamp":"2024-12-13T09:03:08.196Z"}
{"level":"info","message":"GET /api/users","timestamp":"2024-12-13T09:03:08.361Z"}
{"level":"info","message":"POST /api/users","timestamp":"2024-12-13T09:03:23.783Z"}
{"level":"error","message":"ValidationError: User validation failed: password: Password must be at least 6 characters\n    at Document.invalidate (D:\\Arpit\\FrontendRbac\\backend\\node_modules\\mongoose\\lib\\document.js:3318:32)\n    at D:\\Arpit\\FrontendRbac\\backend\\node_modules\\mongoose\\lib\\document.js:3079:17\n    at D:\\Arpit\\FrontendRbac\\backend\\node_modules\\mongoose\\lib\\schemaType.js:1388:9\n    at process.processTicksAndRejections (node:internal/process/task_queues:85:11)","timestamp":"2024-12-13T09:03:24.137Z"}
{"level":"info","message":"POST /api/users","timestamp":"2024-12-13T09:03:30.315Z"}
{"level":"info","message":"Activity logged: USER_CREATED by user 675b197f15d971d2b1d97f52","timestamp":"2024-12-13T09:03:30.828Z"}
{"level":"info","message":"GET /api/users","timestamp":"2024-12-13T09:03:30.838Z"}
{"level":"info","message":"PATCH /api/users/675bf862145665829481f579/status","timestamp":"2024-12-13T09:03:35.056Z"}
{"level":"info","message":"Activity logged: USER_UPDATED by user 675b197f15d971d2b1d97f52","timestamp":"2024-12-13T09:03:35.421Z"}
{"level":"info","message":"GET /api/users","timestamp":"2024-12-13T09:03:35.428Z"}
{"level":"info","message":"DELETE /api/users/675bf862145665829481f579","timestamp":"2024-12-13T09:03:38.397Z"}
{"level":"info","message":"Activity logged: USER_DELETED by user 675b197f15d971d2b1d97f52","timestamp":"2024-12-13T09:03:38.786Z"}
{"level":"info","message":"GET /api/users","timestamp":"2024-12-13T09:03:38.792Z"}
{"level":"info","message":"GET /api/roles/hierarchy","timestamp":"2024-12-13T09:03:40.520Z"}
{"level":"info","message":"GET /api/permissions","timestamp":"2024-12-13T09:03:40.523Z"}
{"level":"info","message":"GET /api/roles/hierarchy","timestamp":"2024-12-13T09:03:40.802Z"}
{"level":"info","message":"GET /api/permissions","timestamp":"2024-12-13T09:03:40.809Z"}
{"level":"info","message":"GET /api/permissions","timestamp":"2024-12-13T09:03:42.717Z"}
{"level":"info","message":"GET /api/permissions","timestamp":"2024-12-13T09:03:42.967Z"}
{"level":"info","message":"GET /api/activities/stats","timestamp":"2024-12-13T09:03:46.195Z"}
{"level":"info","message":"GET /api/sessions/stats","timestamp":"2024-12-13T09:03:46.198Z"}
{"level":"info","message":"GET /api/activities?page=1&limit=10","timestamp":"2024-12-13T09:03:46.201Z"}
{"level":"info","message":"GET /api/sessions/stats","timestamp":"2024-12-13T09:03:46.399Z"}
{"level":"info","message":"GET /api/activities/stats","timestamp":"2024-12-13T09:03:46.416Z"}
{"level":"info","message":"GET /api/activities?page=1&limit=10","timestamp":"2024-12-13T09:03:46.469Z"}
{"level":"info","message":"GET /api/auth/me","timestamp":"2024-12-13T09:05:57.789Z"}
{"level":"info","message":"GET /api/auth/me","timestamp":"2024-12-13T09:05:57.940Z"}
{"level":"info","message":"GET /api/activities/stats","timestamp":"2024-12-13T09:05:58.158Z"}
{"level":"info","message":"GET /api/sessions/stats","timestamp":"2024-12-13T09:05:58.161Z"}
{"level":"info","message":"GET /api/roles","timestamp":"2024-12-13T09:05:58.164Z"}
{"level":"info","message":"GET /api/permissions","timestamp":"2024-12-13T09:05:58.167Z"}
{"level":"info","message":"GET /api/activities?page=1&limit=10","timestamp":"2024-12-13T09:05:58.170Z"}
{"level":"info","message":"GET /api/activities/stats","timestamp":"2024-12-13T09:05:58.367Z"}
{"level":"info","message":"GET /api/sessions/stats","timestamp":"2024-12-13T09:05:58.392Z"}
{"level":"info","message":"GET /api/roles","timestamp":"2024-12-13T09:05:58.414Z"}
{"level":"info","message":"GET /api/activities?page=1&limit=10","timestamp":"2024-12-13T09:05:58.445Z"}
{"level":"info","message":"GET /api/permissions","timestamp":"2024-12-13T09:05:58.654Z"}
{"level":"info","message":"GET /api/users","timestamp":"2024-12-13T09:06:05.690Z"}
{"level":"info","message":"GET /api/roles","timestamp":"2024-12-13T09:06:05.693Z"}
{"level":"info","message":"GET /api/roles","timestamp":"2024-12-13T09:06:05.962Z"}
{"level":"info","message":"GET /api/users","timestamp":"2024-12-13T09:06:06.056Z"}
{"level":"info","message":"POST /api/users","timestamp":"2024-12-13T09:06:29.447Z"}
{"level":"info","message":"Activity logged: USER_CREATED by user 675b197f15d971d2b1d97f52","timestamp":"2024-12-13T09:06:29.947Z"}
{"level":"info","message":"GET /api/users","timestamp":"2024-12-13T09:06:29.961Z"}
{"level":"info","message":"GET /api/activities/stats","timestamp":"2024-12-13T09:06:45.160Z"}
{"level":"info","message":"GET /api/sessions/stats","timestamp":"2024-12-13T09:06:45.166Z"}
{"level":"info","message":"GET /api/activities?page=1&limit=10","timestamp":"2024-12-13T09:06:45.170Z"}
{"level":"info","message":"GET /api/roles","timestamp":"2024-12-13T09:06:45.175Z"}
{"level":"info","message":"GET /api/permissions","timestamp":"2024-12-13T09:06:45.180Z"}
{"level":"info","message":"GET /api/activities/stats","timestamp":"2024-12-13T09:06:45.442Z"}
{"level":"info","message":"GET /api/sessions/stats","timestamp":"2024-12-13T09:06:45.460Z"}
{"level":"info","message":"GET /api/roles","timestamp":"2024-12-13T09:06:45.520Z"}
{"level":"info","message":"GET /api/permissions","timestamp":"2024-12-13T09:06:45.534Z"}
{"level":"info","message":"GET /api/activities?page=1&limit=10","timestamp":"2024-12-13T09:06:45.550Z"}
{"level":"info","message":"GET /api/auth/me","timestamp":"2024-12-13T09:09:13.638Z"}
{"level":"info","message":"GET /api/auth/me","timestamp":"2024-12-13T09:09:13.866Z"}
{"level":"info","message":"GET /api/activities/stats","timestamp":"2024-12-13T09:09:14.063Z"}
{"level":"info","message":"GET /api/sessions/stats","timestamp":"2024-12-13T09:09:14.066Z"}
{"level":"info","message":"GET /api/permissions","timestamp":"2024-12-13T09:09:14.069Z"}
{"level":"info","message":"GET /api/activities?page=1&limit=10","timestamp":"2024-12-13T09:09:14.073Z"}
{"level":"info","message":"GET /api/roles","timestamp":"2024-12-13T09:09:14.077Z"}
{"level":"info","message":"GET /api/users","timestamp":"2024-12-13T09:09:14.080Z"}
{"level":"info","message":"GET /api/activities/stats","timestamp":"2024-12-13T09:09:14.452Z"}
{"level":"info","message":"GET /api/sessions/stats","timestamp":"2024-12-13T09:09:14.455Z"}
{"level":"info","message":"GET /api/permissions","timestamp":"2024-12-13T09:09:14.511Z"}
{"level":"info","message":"GET /api/activities?page=1&limit=10","timestamp":"2024-12-13T09:09:14.572Z"}
{"level":"info","message":"GET /api/users","timestamp":"2024-12-13T09:09:14.646Z"}
{"level":"info","message":"GET /api/roles","timestamp":"2024-12-13T09:09:14.977Z"}
{"level":"info","message":"GET /api/permissions","timestamp":"2024-12-13T09:09:18.490Z"}
{"level":"info","message":"GET /api/roles/hierarchy","timestamp":"2024-12-13T09:09:18.493Z"}
{"level":"info","message":"GET /api/roles/hierarchy","timestamp":"2024-12-13T09:09:18.724Z"}
{"level":"info","message":"GET /api/permissions","timestamp":"2024-12-13T09:09:18.742Z"}
{"level":"info","message":"GET /api/users","timestamp":"2024-12-13T09:09:22.768Z"}
{"level":"info","message":"GET /api/roles","timestamp":"2024-12-13T09:09:22.771Z"}
{"level":"info","message":"GET /api/roles","timestamp":"2024-12-13T09:09:23.022Z"}
{"level":"info","message":"GET /api/users","timestamp":"2024-12-13T09:09:23.152Z"}
{"level":"info","message":"DELETE /api/users/675bf915145665829481f6ac","timestamp":"2024-12-13T09:09:25.745Z"}
{"level":"info","message":"Activity logged: USER_DELETED by user 675b197f15d971d2b1d97f52","timestamp":"2024-12-13T09:09:26.142Z"}
{"level":"info","message":"GET /api/users","timestamp":"2024-12-13T09:09:26.148Z"}
{"level":"info","message":"GET /api/sessions/stats","timestamp":"2024-12-13T09:09:27.907Z"}
{"level":"info","message":"GET /api/activities/stats","timestamp":"2024-12-13T09:09:27.911Z"}
{"level":"info","message":"GET /api/roles","timestamp":"2024-12-13T09:09:27.913Z"}
{"level":"info","message":"GET /api/activities?page=1&limit=10","timestamp":"2024-12-13T09:09:27.916Z"}
{"level":"info","message":"GET /api/permissions","timestamp":"2024-12-13T09:09:27.919Z"}
{"level":"info","message":"GET /api/users","timestamp":"2024-12-13T09:09:27.923Z"}
{"level":"info","message":"GET /api/sessions/stats","timestamp":"2024-12-13T09:09:28.148Z"}
{"level":"info","message":"GET /api/activities/stats","timestamp":"2024-12-13T09:09:28.191Z"}
{"level":"info","message":"GET /api/roles","timestamp":"2024-12-13T09:09:28.215Z"}
{"level":"info","message":"GET /api/permissions","timestamp":"2024-12-13T09:09:28.256Z"}
{"level":"info","message":"GET /api/activities?page=1&limit=10","timestamp":"2024-12-13T09:09:28.265Z"}
{"level":"info","message":"GET /api/users","timestamp":"2024-12-13T09:09:28.364Z"}
{"level":"info","message":"GET /api/auth/me","timestamp":"2024-12-13T09:10:38.755Z"}
{"level":"info","message":"GET /api/auth/me","timestamp":"2024-12-13T09:10:38.906Z"}
{"level":"info","message":"GET /api/activities/stats","timestamp":"2024-12-13T09:10:39.096Z"}
{"level":"info","message":"GET /api/activities?page=1&limit=10","timestamp":"2024-12-13T09:10:39.101Z"}
{"level":"info","message":"GET /api/sessions/stats","timestamp":"2024-12-13T09:10:39.105Z"}
{"level":"info","message":"GET /api/roles","timestamp":"2024-12-13T09:10:39.109Z"}
{"level":"info","message":"GET /api/permissions","timestamp":"2024-12-13T09:10:39.114Z"}
{"level":"info","message":"GET /api/users","timestamp":"2024-12-13T09:10:39.118Z"}
{"level":"info","message":"GET /api/activities/stats","timestamp":"2024-12-13T09:10:39.308Z"}
{"level":"info","message":"GET /api/sessions/stats","timestamp":"2024-12-13T09:10:39.315Z"}
{"level":"info","message":"GET /api/permissions","timestamp":"2024-12-13T09:10:39.354Z"}
{"level":"info","message":"GET /api/roles","timestamp":"2024-12-13T09:10:39.366Z"}
{"level":"info","message":"GET /api/activities?page=1&limit=10","timestamp":"2024-12-13T09:10:39.388Z"}
{"level":"info","message":"GET /api/users","timestamp":"2024-12-13T09:10:39.488Z"}
{"level":"info","message":"GET /api/auth/me","timestamp":"2024-12-13T09:11:07.856Z"}
{"level":"info","message":"GET /api/auth/me","timestamp":"2024-12-13T09:11:08.026Z"}
{"level":"info","message":"GET /api/activities/stats","timestamp":"2024-12-13T09:11:08.202Z"}
{"level":"info","message":"GET /api/sessions/stats","timestamp":"2024-12-13T09:11:08.205Z"}
{"level":"info","message":"GET /api/permissions","timestamp":"2024-12-13T09:11:08.208Z"}
{"level":"info","message":"GET /api/activities?page=1&limit=10","timestamp":"2024-12-13T09:11:08.213Z"}
{"level":"info","message":"GET /api/roles","timestamp":"2024-12-13T09:11:08.217Z"}
{"level":"info","message":"GET /api/users","timestamp":"2024-12-13T09:11:08.220Z"}
{"level":"info","message":"GET /api/sessions/stats","timestamp":"2024-12-13T09:11:08.498Z"}
{"level":"info","message":"GET /api/activities/stats","timestamp":"2024-12-13T09:11:08.508Z"}
{"level":"info","message":"GET /api/permissions","timestamp":"2024-12-13T09:11:08.522Z"}
{"level":"info","message":"GET /api/activities?page=1&limit=10","timestamp":"2024-12-13T09:11:08.566Z"}
{"level":"info","message":"GET /api/roles","timestamp":"2024-12-13T09:11:08.580Z"}
{"level":"info","message":"GET /api/users","timestamp":"2024-12-13T09:11:08.702Z"}
{"level":"info","message":"GET /api/permissions","timestamp":"2024-12-13T09:11:10.481Z"}
{"level":"info","message":"GET /api/roles/hierarchy","timestamp":"2024-12-13T09:11:10.486Z"}
{"level":"info","message":"GET /api/permissions","timestamp":"2024-12-13T09:11:10.712Z"}
{"level":"info","message":"GET /api/roles/hierarchy","timestamp":"2024-12-13T09:11:10.726Z"}
{"level":"info","message":"GET /api/users","timestamp":"2024-12-13T09:11:11.931Z"}
{"level":"info","message":"GET /api/roles","timestamp":"2024-12-13T09:11:11.935Z"}
{"level":"info","message":"GET /api/roles","timestamp":"2024-12-13T09:11:12.180Z"}
{"level":"info","message":"GET /api/users","timestamp":"2024-12-13T09:11:12.294Z"}
{"level":"info","message":"GET /api/activities/stats","timestamp":"2024-12-13T09:11:13.360Z"}
{"level":"info","message":"GET /api/sessions/stats","timestamp":"2024-12-13T09:11:13.374Z"}
{"level":"info","message":"GET /api/activities?page=1&limit=10","timestamp":"2024-12-13T09:11:13.388Z"}
{"level":"info","message":"GET /api/roles","timestamp":"2024-12-13T09:11:13.396Z"}
{"level":"info","message":"GET /api/permissions","timestamp":"2024-12-13T09:11:13.402Z"}
{"level":"info","message":"GET /api/users","timestamp":"2024-12-13T09:11:13.413Z"}
{"level":"info","message":"GET /api/activities/stats","timestamp":"2024-12-13T09:11:13.619Z"}
{"level":"info","message":"GET /api/sessions/stats","timestamp":"2024-12-13T09:11:13.622Z"}
{"level":"info","message":"GET /api/roles","timestamp":"2024-12-13T09:11:13.663Z"}
{"level":"info","message":"GET /api/activities?page=1&limit=10","timestamp":"2024-12-13T09:11:13.675Z"}
{"level":"info","message":"GET /api/permissions","timestamp":"2024-12-13T09:11:13.681Z"}
{"level":"info","message":"GET /api/users","timestamp":"2024-12-13T09:11:13.782Z"}
{"level":"info","message":"GET /api/permissions","timestamp":"2024-12-13T09:11:15.430Z"}
{"level":"info","message":"GET /api/permissions","timestamp":"2024-12-13T09:11:15.679Z"}
